\BOOKMARK [0][]{chapter*.5}{Lista de Abreviaturas}{}% 1
\BOOKMARK [0][]{chapter*.6}{Lista de S\357\277\275mbolos}{}% 2
\BOOKMARK [0][]{chapter*.7}{Lista de Figuras}{}% 3
\BOOKMARK [0][]{chapter*.8}{Lista de Tabelas}{}% 4
\BOOKMARK [0][]{chapter.1}{Introdu\347\343o}{}% 5
\BOOKMARK [1][]{section.1.1}{Considera\347\365es Preliminares}{chapter.1}% 6
\BOOKMARK [1][]{section.1.2}{Objetivos}{chapter.1}% 7
\BOOKMARK [1][]{section.1.3}{Contribui\347\365es}{chapter.1}% 8
\BOOKMARK [1][]{section.1.4}{Organiza\347\343o do Trabalho}{chapter.1}% 9
\BOOKMARK [0][]{chapter.2}{DOGMA CENTRAL DA BIOLOGIA MOLECULAR}{}% 10
\BOOKMARK [1][]{section.2.1}{Todas as c\357\277\275lulas guardam sua informa\357\277\275\357\277\275o heredit\357\277\275ria no DNA}{chapter.2}% 11
\BOOKMARK [1][]{section.2.2}{Todas as c\303\251lulas transcrevem partes da informa\357\277\275\357\277\275o heredit\357\277\275ria em uma mesma forma intermedi\357\277\275ria \(RNA\)}{chapter.2}% 12
\BOOKMARK [1][]{section.2.3}{Todas as c\357\277\275lulas traduzem o RNA em prote\357\277\275nas}{chapter.2}% 13
\BOOKMARK [0][]{chapter.3}{Biologia de Sistemas}{}% 14
\BOOKMARK [0][]{chapter.4}{Redes de Regula\347\343o G\352nica}{}% 15
\BOOKMARK [1][]{section.4.1}{Infer\352ncia de Redes}{chapter.4}% 16
\BOOKMARK [0][]{chapter.5}{Redes Complexas}{}% 17
\BOOKMARK [1][]{section.5.1}{Rede Erdos}{chapter.5}% 18
\BOOKMARK [1][]{section.5.2}{Redes Small-World}{chapter.5}% 19
\BOOKMARK [0][]{chapter.6}{Modelos Probabil\355sticos para Sequ\352ncias}{}% 20
\BOOKMARK [0][]{chapter.7}{METODOS PARA MEDIR A EXPRESS\303O DOS GENES}{}% 21
